TN:
SF:src/buildDiff.js
FN:3,(anonymous_0)
FN:5,(anonymous_1)
FNF:2
FNH:2
FNDA:2,(anonymous_0)
FNDA:10,(anonymous_1)
DA:3,1
DA:4,2
DA:5,2
DA:6,10
DA:7,2
DA:9,8
DA:10,4
DA:12,4
DA:13,0
DA:19,4
DA:20,2
DA:22,2
LF:12
LH:11
BRDA:6,0,0,2
BRDA:6,0,1,8
BRDA:9,1,0,4
BRDA:9,1,1,4
BRDA:12,2,0,0
BRDA:12,2,1,4
BRDA:12,3,0,4
BRDA:12,3,1,0
BRDA:19,4,0,2
BRDA:19,4,1,2
BRF:10
BRH:8
end_of_record
TN:
SF:src/index.js
FN:10,(anonymous_0)
FN:12,(anonymous_1)
FN:13,(anonymous_2)
FN:15,(anonymous_3)
FNF:4
FNH:4
FNDA:4,(anonymous_0)
FNDA:4,(anonymous_1)
FNDA:4,(anonymous_2)
FNDA:2,(anonymous_3)
DA:8,1
DA:9,1
DA:10,4
DA:12,4
DA:13,4
DA:15,1
DA:16,2
DA:17,2
DA:18,2
DA:19,2
DA:20,2
DA:21,2
DA:22,2
LF:13
LH:13
BRDA:15,0,0,2
BRF:1
BRH:1
end_of_record
TN:
SF:src/parser.js
FN:3,(anonymous_0)
FNF:1
FNH:1
FNDA:4,(anonymous_0)
DA:3,1
DA:4,4
DA:6,2
DA:9,2
DA:11,0
LF:5
LH:4
BRDA:4,0,0,2
BRDA:4,0,1,2
BRDA:4,0,2,2
BRDA:4,0,3,0
BRF:4
BRH:3
end_of_record
TN:
SF:src/formatters/index.js
FN:3,(anonymous_0)
FNF:1
FNH:1
FNDA:2,(anonymous_0)
DA:3,1
DA:4,2
DA:6,2
DA:8,0
LF:4
LH:3
BRDA:4,0,0,2
BRDA:4,0,1,0
BRF:2
BRH:1
end_of_record
TN:
SF:src/formatters/stylish.js
FN:3,(anonymous_0)
FN:4,(anonymous_1)
FN:6,(anonymous_2)
FN:7,(anonymous_3)
FN:11,(anonymous_4)
FN:20,(anonymous_5)
FN:21,(anonymous_6)
FNF:7
FNH:6
FNDA:12,(anonymous_0)
FNDA:2,(anonymous_1)
FNDA:12,(anonymous_2)
FNDA:12,(anonymous_3)
FNDA:0,(anonymous_4)
FNDA:2,(anonymous_5)
FNDA:10,(anonymous_6)
DA:3,12
DA:4,2
DA:6,1
DA:7,12
DA:8,12
DA:9,12
DA:11,0
DA:12,0
DA:13,0
DA:15,0
DA:17,12
DA:20,1
DA:21,2
DA:22,10
DA:24,4
DA:26,2
DA:28,2
DA:30,2
DA:32,0
DA:35,2
LF:20
LH:15
BRDA:3,0,0,12
BRDA:4,1,0,2
BRDA:6,2,0,12
BRDA:8,3,0,12
BRDA:8,3,1,0
BRDA:20,4,0,2
BRDA:22,5,0,4
BRDA:22,5,1,2
BRDA:22,5,2,2
BRDA:22,5,3,2
BRDA:22,5,4,0
BRF:11
BRH:9
end_of_record
